
--- TEST: 2026-02-07 19:36:11 ---
Model: RandomForestClassifier
Params: {'type': 'rf', 'penalty': '', 'scoring': 'roc_auc', 'epochs': 5, 'alpha': 0.1, 'n_splits': 2, 'shuffle': True, 'mixed_precision': True, 'n_neighbors': 5, 'max_depth': 50, 'max_split_leaf': 5, 'max_impurity_decrease': 2, 'weights': 'uniform', 'metric': 'minkowski', 'criterion': 'gini', 'min_samples_split': 5, 'n_estimators': 100}
------------------------------
Acc_Holdout         : 0.7933
Acc_CV              : 0.8635
Precision           : 0.7606
Recall              : 0.7297
F1                  : 0.7448
ROC_AUC             : 0.8732
========================================

--- TEST: 2026-02-07 19:38:20 ---
Model: RidgeClassifier
Params: {'type': 'ridge', 'penalty': '', 'scoring': 'roc_auc', 'epochs': 5, 'alpha': 0.1, 'n_splits': 2, 'shuffle': True, 'mixed_precision': True, 'n_neighbors': 5, 'max_depth': 50, 'max_split_leaf': 5, 'max_impurity_decrease': 2, 'weights': 'uniform', 'metric': 'minkowski', 'criterion': 'gini', 'min_samples_split': 5, 'n_estimators': 100}
------------------------------
Acc_CV              : 0.8419
F1                  : 0.7361
ROC_AUC             : 0.8726
========================================

--- TEST: 2026-02-07 19:38:20 ---
Model: LogisticRegression
Params: {'type': 'lasso', 'penalty': '', 'scoring': 'roc_auc', 'epochs': 5, 'alpha': 0.1, 'n_splits': 2, 'shuffle': True, 'mixed_precision': True, 'n_neighbors': 5, 'max_depth': 50, 'max_split_leaf': 5, 'max_impurity_decrease': 2, 'weights': 'uniform', 'metric': 'minkowski', 'criterion': 'gini', 'min_samples_split': 5, 'n_estimators': 100}
------------------------------
Acc_CV              : 0.8416
F1                  : 0.7413
ROC_AUC             : 0.8749
========================================

--- TEST: 2026-02-07 19:38:20 ---
Model: SGDClassifier
Params: {'type': 'elasticnet', 'penalty': '', 'scoring': 'roc_auc', 'epochs': 5, 'alpha': 0.1, 'n_splits': 2, 'shuffle': True, 'mixed_precision': True, 'n_neighbors': 5, 'max_depth': 50, 'max_split_leaf': 5, 'max_impurity_decrease': 2, 'weights': 'uniform', 'metric': 'minkowski', 'criterion': 'gini', 'min_samples_split': 5, 'n_estimators': 100}
------------------------------
Acc_CV              : 0.8371
F1                  : 0.7273
ROC_AUC             : 0.8541
========================================

--- TEST: 2026-02-07 19:38:20 ---
Model: KNeighborsClassifier
Params: {'type': 'knn', 'penalty': '', 'scoring': 'roc_auc', 'epochs': 5, 'alpha': 0.1, 'n_splits': 2, 'shuffle': True, 'mixed_precision': True, 'n_neighbors': 5, 'max_depth': 50, 'max_split_leaf': 5, 'max_impurity_decrease': 2, 'weights': 'uniform', 'metric': 'minkowski', 'criterion': 'gini', 'min_samples_split': 5, 'n_estimators': 100}
------------------------------
Acc_CV              : 0.8503
F1                  : 0.7626
ROC_AUC             : 0.8614
========================================

--- TEST: 2026-02-07 19:38:20 ---
Model: DecisionTreeClassifier
Params: {'type': 'dt', 'penalty': '', 'scoring': 'roc_auc', 'epochs': 5, 'alpha': 0.1, 'n_splits': 2, 'shuffle': True, 'mixed_precision': True, 'n_neighbors': 5, 'max_depth': 50, 'max_split_leaf': 5, 'max_impurity_decrease': 2, 'weights': 'uniform', 'metric': 'minkowski', 'criterion': 'gini', 'min_samples_split': 5, 'n_estimators': 100}
------------------------------
Acc_CV              : 0.8048
F1                  : 0.6939
ROC_AUC             : 0.7903
========================================

--- TEST: 2026-02-07 19:38:21 ---
Model: RandomForestClassifier
Params: {'type': 'rf', 'penalty': '', 'scoring': 'roc_auc', 'epochs': 5, 'alpha': 0.1, 'n_splits': 2, 'shuffle': True, 'mixed_precision': True, 'n_neighbors': 5, 'max_depth': 50, 'max_split_leaf': 5, 'max_impurity_decrease': 2, 'weights': 'uniform', 'metric': 'minkowski', 'criterion': 'gini', 'min_samples_split': 5, 'n_estimators': 100}
------------------------------
Acc_CV              : 0.8635
F1                  : 0.7448
ROC_AUC             : 0.8732
========================================

--- TEST: 2026-02-07 19:43:02 ---
Model: RidgeClassifier
Params: {'type': 'ridge', 'penalty': '', 'scoring': 'roc_auc', 'epochs': 5, 'alpha': 0.1, 'n_splits': 2, 'shuffle': True, 'mixed_precision': True, 'n_neighbors': 5, 'max_depth': 50, 'max_split_leaf': 5, 'max_impurity_decrease': 2, 'weights': 'uniform', 'metric': 'minkowski', 'criterion': 'gini', 'min_samples_split': 5, 'n_estimators': 100}
------------------------------
Acc_CV              : 0.8419
F1                  : 0.7361
ROC_AUC             : 0.8726
========================================

--- TEST: 2026-02-07 19:43:02 ---
Model: LogisticRegression
Params: {'type': 'lasso', 'penalty': '', 'scoring': 'roc_auc', 'epochs': 5, 'alpha': 0.1, 'n_splits': 2, 'shuffle': True, 'mixed_precision': True, 'n_neighbors': 5, 'max_depth': 50, 'max_split_leaf': 5, 'max_impurity_decrease': 2, 'weights': 'uniform', 'metric': 'minkowski', 'criterion': 'gini', 'min_samples_split': 5, 'n_estimators': 100}
------------------------------
Acc_CV              : 0.8416
F1                  : 0.7413
ROC_AUC             : 0.8749
========================================

--- TEST: 2026-02-07 19:43:02 ---
Model: SGDClassifier
Params: {'type': 'elasticnet', 'penalty': '', 'scoring': 'roc_auc', 'epochs': 5, 'alpha': 0.1, 'n_splits': 2, 'shuffle': True, 'mixed_precision': True, 'n_neighbors': 5, 'max_depth': 50, 'max_split_leaf': 5, 'max_impurity_decrease': 2, 'weights': 'uniform', 'metric': 'minkowski', 'criterion': 'gini', 'min_samples_split': 5, 'n_estimators': 100}
------------------------------
Acc_CV              : 0.8371
F1                  : 0.7273
ROC_AUC             : 0.8541
========================================

--- TEST: 2026-02-07 19:43:02 ---
Model: KNeighborsClassifier
Params: {'type': 'knn', 'penalty': '', 'scoring': 'roc_auc', 'epochs': 5, 'alpha': 0.1, 'n_splits': 2, 'shuffle': True, 'mixed_precision': True, 'n_neighbors': 5, 'max_depth': 50, 'max_split_leaf': 5, 'max_impurity_decrease': 2, 'weights': 'uniform', 'metric': 'minkowski', 'criterion': 'gini', 'min_samples_split': 5, 'n_estimators': 100}
------------------------------
Acc_CV              : 0.8503
F1                  : 0.7626
ROC_AUC             : 0.8614
========================================

--- [ RandomForestClassifier ] 2026-02-07 19:45:38 ---
Config: type=rf, alpha=0.1, depth=50
Acc_Holdout         : 0.7933
Acc_CV              : 0.8635
Precision           : 0.7606
Recall              : 0.7297
F1-Score            : 0.7448
ROC-AUC             : 0.8732
----------------------------------------

--- [ RandomForestClassifier ] 2026-02-07 19:46:38 ---
Config: type=rf, alpha=0.01, depth=10
Acc_Holdout         : 0.8268
Acc_CV              : 0.8639
Precision           : 0.8413
Recall              : 0.7162
F1-Score            : 0.7737
ROC-AUC             : 0.8900
----------------------------------------

--- [ XGBClassifier ] 2026-02-07 20:03:35 ---
Config: {'type': 'xgb', 'penalty': '', 'scoring': 'roc_auc', 'epochs': 5, 'alpha': 0.01, 'n_splits': 2, 'shuffle': True, 'mixed_precision': True, 'n_neighbors': 5, 'max_depth': 10, 'max_split_leaf': 5, 'max_impurity_decrease': 2, 'weights': 'uniform', 'metric': 'minkowski', 'criterion': 'gini', 'min_samples_split': 5, 'n_estimators': 100}
Acc_Holdout         : 0.8045
Acc_CV              : 0.8699
F1-Score            : 0.7552
ROC-AUC             : 0.8846
----------------------------------------

--- [ XGBClassifier ] 2026-02-07 20:04:27 ---
Config: {'type': 'xgb', 'penalty': '', 'scoring': 'roc_auc', 'epochs': 5, 'alpha': 0.01, 'n_splits': 2, 'shuffle': True, 'mixed_precision': True, 'n_neighbors': 5, 'max_depth': 50, 'max_split_leaf': 5, 'max_impurity_decrease': 2, 'weights': 'uniform', 'metric': 'minkowski', 'criterion': 'gini', 'min_samples_split': 5, 'n_estimators': 100}
Acc_Holdout         : 0.8101
Acc_CV              : 0.8722
F1-Score            : 0.7639
ROC-AUC             : 0.8826
----------------------------------------

--- [ XGBClassifier ] 2026-02-07 20:06:05 ---
Config: {'type': 'xgb', 'penalty': '', 'scoring': 'roc_auc', 'epochs': 100, 'alpha': 0.01, 'n_splits': 2, 'shuffle': True, 'mixed_precision': True, 'n_neighbors': 5, 'max_depth': 50, 'max_split_leaf': 5, 'max_impurity_decrease': 2, 'weights': 'uniform', 'metric': 'minkowski', 'criterion': 'gini', 'min_samples_split': 5, 'n_estimators': 100}
Acc_Holdout         : 0.8101
Acc_CV              : 0.8722
F1-Score            : 0.7639
ROC-AUC             : 0.8826
----------------------------------------

--- [ XGBClassifier ] 2026-02-07 20:06:34 ---
Config: {'type': 'xgb', 'penalty': '', 'scoring': 'roc_auc', 'epochs': 5, 'alpha': 0.01, 'n_splits': 2, 'shuffle': True, 'mixed_precision': True, 'n_neighbors': 5, 'max_depth': 50, 'max_split_leaf': 5, 'max_impurity_decrease': 2, 'weights': 'uniform', 'metric': 'minkowski', 'criterion': 'gini', 'min_samples_split': 5, 'n_estimators': 1000}
Acc_Holdout         : 0.7989
Acc_CV              : 0.8593
F1-Score            : 0.7534
ROC-AUC             : 0.8804
----------------------------------------

--- [ XGBClassifier ] 2026-02-07 20:06:51 ---
Config: {'type': 'xgb', 'penalty': '', 'scoring': 'roc_auc', 'epochs': 5, 'alpha': 0.1, 'n_splits': 2, 'shuffle': True, 'mixed_precision': True, 'n_neighbors': 5, 'max_depth': 50, 'max_split_leaf': 5, 'max_impurity_decrease': 2, 'weights': 'uniform', 'metric': 'minkowski', 'criterion': 'gini', 'min_samples_split': 5, 'n_estimators': 100}
Acc_Holdout         : 0.8101
Acc_CV              : 0.8722
F1-Score            : 0.7639
ROC-AUC             : 0.8826
----------------------------------------

--- [ XGBClassifier ] 2026-02-07 20:07:32 ---
Config: {'type': 'xgb', 'penalty': '', 'scoring': 'roc_auc', 'epochs': 5, 'alpha': 0.1, 'n_splits': 2, 'shuffle': True, 'mixed_precision': True, 'n_neighbors': 5, 'max_depth': 4, 'max_split_leaf': 5, 'max_impurity_decrease': 2, 'weights': 'uniform', 'metric': 'minkowski', 'criterion': 'gini', 'min_samples_split': 5, 'n_estimators': 100}
Acc_Holdout         : 0.8268
Acc_CV              : 0.8771
F1-Score            : 0.7770
ROC-AUC             : 0.8908
----------------------------------------

--- [ XGBClassifier ] 2026-02-07 20:22:47 ---
Config: {'type': 'xgb', 'penalty': '', 'scoring': 'roc_auc', 'epochs': 5, 'alpha': 0.1, 'n_splits': 2, 'shuffle': True, 'mixed_precision': True, 'n_neighbors': 5, 'max_depth': 9, 'max_split_leaf': 5, 'max_impurity_decrease': 2, 'weights': 'uniform', 'metric': 'minkowski', 'criterion': 'gini', 'min_samples_split': 5, 'n_estimators': 998, 'learning_rate': 0.05082197261351528, 'subsample': 0.802615059316794, 'colsample_bytree': 0.7472773551124989, 'gamma': 0.5332891596525853}
Acc_Holdout         : 0.7989
Acc_CV              : 0.8626
F1-Score            : 0.7568
ROC-AUC             : 0.8736
----------------------------------------

--- [ LGBMClassifier ] 2026-02-07 20:58:58 ---
Config: {'mixed_precision': True, 'type': 'lgb', 'penalty': '', 'scoring': 'precision', 'epochs': 5, 'alpha': 0.1, 'n_splits': 2, 'shuffle': True, 'n_neighbors': 5, 'max_depth': 4, 'max_split_leaf': 5, 'max_impurity_decrease': 2, 'weights': 'uniform', 'metric': 'minkowski', 'criterion': 'gini', 'min_samples_split': 5, 'n_estimators': 127, 'learning_rate': 0.00634052994881118, 'subsample': 0.5017177045958499, 'colsample_bytree': 0.6166770839111697, 'gamma': 0.5332891596525853, 'num_leaves': 102, 'min_child_samples': 13}
Acc_Holdout         : 0.7933
Acc_CV              : 0.8621
F1-Score            : 0.7218
ROC-AUC             : 0.8809
----------------------------------------

--- [ LGBMClassifier ] 2026-02-07 21:04:51 ---
Config: {'type': 'lgb', 'n_estimators': 749, 'learning_rate': 0.014352920005039252, 'num_leaves': 60, 'max_depth': 6, 'min_child_samples': 50, 'subsample': 0.7356258589634819, 'colsample_bytree': 0.9870516868303716}
Acc_Holdout         : 0.8436
Acc_CV              : 0.8850
F1-Score            : 0.8056
ROC-AUC             : 0.8903
----------------------------------------

--- [ LGBMClassifier ] 2026-02-07 21:05:49 ---
Config: {'type': 'lgb', 'n_estimators': 111, 'learning_rate': 0.008999400496535132, 'num_leaves': 106, 'max_depth': 3, 'min_child_samples': 21, 'subsample': 0.8955485085257504, 'colsample_bytree': 0.6056689365329808}
Acc_Holdout         : 0.7989
Acc_CV              : 0.8653
F1-Score            : 0.7231
ROC-AUC             : 0.8694
----------------------------------------

--- [ LGBMClassifier ] 2026-02-07 21:08:36 ---
Config: {'type': 'lgb', 'n_estimators': 911, 'learning_rate': 0.02301737230632085, 'num_leaves': 107, 'max_depth': 9, 'min_child_samples': 20, 'subsample': 0.5371230452624779, 'colsample_bytree': 0.7054431019466509}
Acc_Holdout         : 0.8156
Acc_CV              : 0.8795
F1-Score            : 0.7785
ROC-AUC             : 0.8808
----------------------------------------

--- [ LGBMClassifier ] 2026-02-07 21:40:07 ---
Config: {'type': 'lgb', 'n_estimators': 970, 'learning_rate': 0.014143257928682105, 'num_leaves': 71, 'max_depth': 8, 'min_child_samples': 36, 'subsample': 0.9659805985983854, 'colsample_bytree': 0.8269887184355593}
Acc_Holdout         : 0.8324
Acc_CV              : 0.8898
F1-Score            : 0.7887
ROC-AUC             : 0.8945
----------------------------------------

--- [ XGBClassifier ] 2026-02-07 21:42:36 ---
Config: {'type': 'xgb', 'n_estimators': 338, 'max_depth': 5, 'learning_rate': 0.041242398618091536, 'gamma': 1.6729820585660354e-05, 'subsample': 0.6067509378330139, 'colsample_bytree': 0.9}
Acc_Holdout         : 0.8101
Acc_CV              : 0.8799
F1-Score            : 0.7639
ROC-AUC             : 0.8909
----------------------------------------

--- [ LGBMClassifier ] 2026-02-07 21:43:31 ---
Config: {'type': 'lgb', 'n_estimators': 677, 'learning_rate': 0.02274061358423861, 'num_leaves': 93, 'max_depth': 12, 'min_child_samples': 46, 'subsample': 0.785894475988038, 'colsample_bytree': 0.6600373938851499}
Acc_Holdout         : 0.8436
Acc_CV              : 0.8899
F1-Score            : 0.8056
ROC-AUC             : 0.8934
----------------------------------------

--- [ LogisticRegression ] 2026-02-07 22:18:02 ---
Config: {'type': 'stacking', 'base_models': ['lgb', 'xgb', 'rf']}
Acc_Holdout         : 0.8045
Acc_CV              : 0.8510
F1-Score            : 0.7552
ROC-AUC             : 0.8789
----------------------------------------

--- [ RandomForestClassifier ] 2026-02-07 22:23:39 ---
Config: {'type': 'rf', 'n_estimators': 910, 'max_depth': 23, 'min_samples_split': 14, 'criterion': 'gini', 'min_samples_leaf': 1, 'max_features': 'log2'}
Acc_Holdout         : 0.8156
Acc_CV              : 0.8787
F1-Score            : 0.7755
ROC-AUC             : 0.9013
----------------------------------------

==================== [ NN ] 2026-02-10 15:39:44 ====================
Config: {'type': 'nn', 'epochs': 1000, 'batch_size': 32, 'tuning': {'n_layers': [1, 5], 'hidden_dim': [16, 128], 'dropout': [0.1, 0.5], 'lr': [0.0001, 0.01]}, 'best_params': {'n_layers': 2, 'hidden_dim': 64, 'dropout': 0.2, 'lr': 0.001}}
ROC-AUC                  : 0.8272
Accuracy                 : 0.8212
F1-Score                 : 0.7681
CV-ROC-AUC               : 0.0000
------------------------------------------------------------

==================== [ NN ] 2026-02-10 15:44:06 ====================
Config: {'type': 'nn', 'epochs': 1000, 'batch_size': 32, 'tuning': {'n_layers': [1, 5], 'hidden_dim': [16, 128], 'dropout': [0.1, 0.5], 'lr': [0.0001, 0.01]}, 'best_params': {'n_layers': 2, 'hidden_dim': 64, 'dropout': 0.2, 'lr': 0.001}}
ROC-AUC                  : 0.8546
Accuracy                 : 0.8156
F1-Score                 : 0.7591
CV-ROC-AUC               : 0.0000
------------------------------------------------------------

==================== [ NN ] 2026-02-10 15:47:23 ====================
Config: {'type': 'nn', 'epochs': 1000, 'batch_size': 32, 'tuning': {'n_layers': [1, 5], 'hidden_dim': [16, 128], 'dropout': [0.1, 0.5], 'lr': [0.0001, 0.01]}, 'best_params': {'n_layers': 2, 'hidden_dim': 64, 'dropout': 0.2, 'lr': 0.00017877485654590704}}
ROC-AUC                  : 0.8703
Accuracy                 : 0.8156
F1-Score                 : 0.7591
CV-ROC-AUC               : 0.0000
------------------------------------------------------------

==================== [ NN ] 2026-02-11 15:57:14 ====================
Config: {'type': 'nn', 'epochs': 1000, 'batch_size': 32, 'tuning': {'n_layers': [1, 5], 'hidden_dim': [16, 128], 'dropout': [0.1, 0.5], 'lr': [0.0001, 0.01]}, 'best_params': {'n_layers': 2, 'hidden_dim': 64, 'dropout': 0.2, 'lr': 0.00017877485654590704}}
ROC-AUC                  : 0.8710
Accuracy                 : 0.7821
F1-Score                 : 0.7194
CV-ROC-AUC               : 0.0000
------------------------------------------------------------

==================== [ NN ] 2026-02-11 16:02:23 ====================
Config: {'type': 'nn', 'epochs': 1000, 'batch_size': 32, 'tuning': {'n_layers': [1, 5], 'hidden_dim': [16, 128], 'dropout': [0.1, 0.5], 'lr': [0.0001, 0.01]}, 'best_params': {'n_layers': 2, 'hidden_dim': 64, 'dropout': 0.2, 'lr': 0.00017877485654590704}}
ROC-AUC                  : 0.8742
Accuracy                 : 0.7989
F1-Score                 : 0.7353
Precision                : 0.8065
Recall                   : 0.6757
------------------------------------------------------------

==================== [ NN ] 2026-02-11 16:04:58 ====================
Config: {'type': 'nn', 'epochs': 1000, 'batch_size': 32, 'tuning': {'n_layers': [1, 5], 'hidden_dim': [16, 128], 'dropout': [0.1, 0.5], 'lr': [0.0001, 0.01]}, 'best_params': {'n_layers': 2, 'hidden_dim': 64, 'dropout': 0.2, 'lr': 0.00017877485654590704}}
ROC-AUC                  : 0.8739
Accuracy                 : 0.7989
F1-Score                 : 0.7353
Precision                : 0.8065
Recall                   : 0.6757
------------------------------------------------------------

==================== [ NN ] 2026-02-11 16:07:19 ====================
Config: {'type': 'nn', 'epochs': 1000, 'batch_size': 32, 'tuning': {'n_layers': [1, 5], 'hidden_dim': [16, 128], 'dropout': [0.1, 0.5], 'lr': [0.0001, 0.01]}, 'best_params': {'n_layers': 2, 'hidden_dim': 64, 'dropout': 0.2, 'lr': 0.000465748000912443}}
ROC-AUC                  : 0.8739
Accuracy                 : 0.7821
F1-Score                 : 0.7310
Precision                : 0.7465
Recall                   : 0.7162
------------------------------------------------------------

==================== [ LGB ] 2026-02-11 16:12:20 ====================
Config: {'type': 'lgb', 'n_estimators': 677, 'learning_rate': 0.02274061358423861, 'num_leaves': 93, 'max_depth': 12, 'min_child_samples': 46, 'subsample': 0.785894475988038, 'colsample_bytree': 0.6600373938851499, 'verbose': -1}
ROC-AUC                  : 0.8496
Accuracy                 : 0.8045
F1-Score                 : 0.7619
Precision                : 0.7671
Recall                   : 0.7568
------------------------------------------------------------

==================== [ LGB ] 2026-02-11 16:19:14 ====================
Config: {'type': 'lgb', 'n_estimators': 100, 'learning_rate': 0.0028369203721669563, 'num_leaves': 97, 'max_depth': 10, 'min_child_samples': 46, 'subsample': 0.785894475988038, 'colsample_bytree': 0.6600373938851499, 'verbose': -1}
ROC-AUC                  : 0.8766
Accuracy                 : 0.7933
F1-Score                 : 0.7448
Precision                : 0.7606
Recall                   : 0.7297
------------------------------------------------------------

==================== [ XGB ] 2026-02-11 16:20:20 ====================
Config: {'type': 'xgb', 'n_estimators': 104, 'max_depth': 10, 'learning_rate': 0.1925608861533541, 'gamma': 0.0025249762353641973, 'subsample': 0.6067509378330139, 'colsample_bytree': 0.9}
ROC-AUC                  : 0.8754
Accuracy                 : 0.7989
F1-Score                 : 0.7534
Precision                : 0.7639
Recall                   : 0.7432
------------------------------------------------------------

==================== [ RF ] 2026-02-11 16:22:40 ====================
Config: {'type': 'rf', 'n_estimators': 797, 'max_depth': 6, 'min_samples_split': 14, 'criterion': 'gini', 'min_samples_leaf': 4, 'max_features': 'log2'}
ROC-AUC                  : 0.8844
Accuracy                 : 0.7989
F1-Score                 : 0.7465
Precision                : 0.7794
Recall                   : 0.7162
------------------------------------------------------------

==================== [ KNN ] 2026-02-11 16:23:33 ====================
Config: {'type': 'knn', 'n_neighbors': 11, 'weights': 'distance'}
ROC-AUC                  : 0.8568
Accuracy                 : 0.7765
F1-Score                 : 0.7222
Precision                : 0.7429
Recall                   : 0.7027
------------------------------------------------------------

==================== [ RIDGE ] 2026-02-11 16:25:11 ====================
Config: {'type': 'ridge', 'alpha': 19.087762849193723, 'C': 0.009175910558479225}
ROC-AUC                  : 0.7744
Accuracy                 : 0.7821
F1-Score                 : 0.7347
Precision                : 0.7397
Recall                   : 0.7297
------------------------------------------------------------
